1645830101.551514 client started (28227): version 3.0a, socket /tmp/tmux-1000/default, protocol 8
1645830101.551604 on Linux 5.13.0-30-generic #33~20.04.1-Ubuntu SMP Mon Feb 7 14:25:10 UTC 2022; libevent 2.1.11-stable (poll)
1645830101.551628 socket is /tmp/tmux-1000/default
1645830101.551658 trying connect
1645830101.551796 add peer 0x5595be2a00a0: 6 ((nil))
1645830101.551963 sending message 100 to peer 0x5595be2a00a0 (4 bytes)
1645830101.551972 sending message 101 to peer 0x5595be2a00a0 (14 bytes)
1645830101.551977 sending message 102 to peer 0x5595be2a00a0 (11 bytes)
1645830101.551983 sending message 108 to peer 0x5595be2a00a0 (45 bytes)
1645830101.552041 sending message 104 to peer 0x5595be2a00a0 (0 bytes)
1645830101.552048 sending message 107 to peer 0x5595be2a00a0 (4 bytes)
1645830101.552054 sending message 105 to peer 0x5595be2a00a0 (39 bytes)
1645830101.552060 sending message 105 to peer 0x5595be2a00a0 (56 bytes)
1645830101.552066 sending message 105 to peer 0x5595be2a00a0 (132 bytes)
1645830101.552072 sending message 105 to peer 0x5595be2a00a0 (20 bytes)
1645830101.552093 sending message 105 to peer 0x5595be2a00a0 (54 bytes)
1645830101.552103 sending message 105 to peer 0x5595be2a00a0 (51 bytes)
1645830101.552109 sending message 105 to peer 0x5595be2a00a0 (23 bytes)
1645830101.552114 sending message 105 to peer 0x5595be2a00a0 (11 bytes)
1645830101.552119 sending message 105 to peer 0x5595be2a00a0 (18 bytes)
1645830101.552125 sending message 105 to peer 0x5595be2a00a0 (36 bytes)
1645830101.552130 sending message 105 to peer 0x5595be2a00a0 (44 bytes)
1645830101.552136 sending message 105 to peer 0x5595be2a00a0 (32 bytes)
1645830101.552141 sending message 105 to peer 0x5595be2a00a0 (52 bytes)
1645830101.552147 sending message 105 to peer 0x5595be2a00a0 (28 bytes)
1645830101.552152 sending message 105 to peer 0x5595be2a00a0 (15 bytes)
1645830101.552158 sending message 105 to peer 0x5595be2a00a0 (18 bytes)
1645830101.552163 sending message 105 to peer 0x5595be2a00a0 (47 bytes)
1645830101.552168 sending message 105 to peer 0x5595be2a00a0 (23 bytes)
1645830101.552174 sending message 105 to peer 0x5595be2a00a0 (17 bytes)
1645830101.552179 sending message 105 to peer 0x5595be2a00a0 (23 bytes)
1645830101.552185 sending message 105 to peer 0x5595be2a00a0 (30 bytes)
1645830101.552190 sending message 105 to peer 0x5595be2a00a0 (27 bytes)
1645830101.552195 sending message 105 to peer 0x5595be2a00a0 (24 bytes)
1645830101.552201 sending message 105 to peer 0x5595be2a00a0 (20 bytes)
1645830101.552207 sending message 105 to peer 0x5595be2a00a0 (23 bytes)
1645830101.552212 sending message 105 to peer 0x5595be2a00a0 (21 bytes)
1645830101.552217 sending message 105 to peer 0x5595be2a00a0 (25 bytes)
1645830101.552223 sending message 105 to peer 0x5595be2a00a0 (20 bytes)
1645830101.552228 sending message 105 to peer 0x5595be2a00a0 (35 bytes)
1645830101.552233 sending message 105 to peer 0x5595be2a00a0 (12 bytes)
1645830101.552239 sending message 105 to peer 0x5595be2a00a0 (16 bytes)
1645830101.552244 sending message 105 to peer 0x5595be2a00a0 (54 bytes)
1645830101.552249 sending message 105 to peer 0x5595be2a00a0 (84 bytes)
1645830101.552255 sending message 105 to peer 0x5595be2a00a0 (56 bytes)
1645830101.552260 sending message 105 to peer 0x5595be2a00a0 (17 bytes)
1645830101.552265 sending message 105 to peer 0x5595be2a00a0 (42 bytes)
1645830101.552270 sending message 105 to peer 0x5595be2a00a0 (233 bytes)
1645830101.552276 sending message 105 to peer 0x5595be2a00a0 (49 bytes)
1645830101.552282 sending message 105 to peer 0x5595be2a00a0 (19 bytes)
1645830101.552287 sending message 105 to peer 0x5595be2a00a0 (18 bytes)
1645830101.552292 sending message 105 to peer 0x5595be2a00a0 (84 bytes)
1645830101.552297 sending message 105 to peer 0x5595be2a00a0 (19 bytes)
1645830101.552303 sending message 105 to peer 0x5595be2a00a0 (8 bytes)
1645830101.552308 sending message 105 to peer 0x5595be2a00a0 (19 bytes)
1645830101.552313 sending message 105 to peer 0x5595be2a00a0 (41 bytes)
1645830101.552318 sending message 105 to peer 0x5595be2a00a0 (19 bytes)
1645830101.552361 sending message 105 to peer 0x5595be2a00a0 (36 bytes)
1645830101.552366 sending message 105 to peer 0x5595be2a00a0 (13 bytes)
1645830101.552372 sending message 105 to peer 0x5595be2a00a0 (50 bytes)
1645830101.552377 sending message 105 to peer 0x5595be2a00a0 (9 bytes)
1645830101.552382 sending message 105 to peer 0x5595be2a00a0 (13 bytes)
1645830101.552387 sending message 105 to peer 0x5595be2a00a0 (18 bytes)
1645830101.552392 sending message 105 to peer 0x5595be2a00a0 (13 bytes)
1645830101.552398 sending message 105 to peer 0x5595be2a00a0 (27 bytes)
1645830101.552403 sending message 105 to peer 0x5595be2a00a0 (41 bytes)
1645830101.552408 sending message 105 to peer 0x5595be2a00a0 (45 bytes)
1645830101.552414 sending message 105 to peer 0x5595be2a00a0 (33 bytes)
1645830101.552419 sending message 105 to peer 0x5595be2a00a0 (85 bytes)
1645830101.552424 sending message 105 to peer 0x5595be2a00a0 (23 bytes)
1645830101.552429 sending message 105 to peer 0x5595be2a00a0 (31 bytes)
1645830101.552434 sending message 105 to peer 0x5595be2a00a0 (23 bytes)
1645830101.552439 sending message 105 to peer 0x5595be2a00a0 (27 bytes)
1645830101.552444 sending message 105 to peer 0x5595be2a00a0 (21 bytes)
1645830101.552449 sending message 105 to peer 0x5595be2a00a0 (20 bytes)
1645830101.552455 sending message 105 to peer 0x5595be2a00a0 (16 bytes)
1645830101.552460 sending message 105 to peer 0x5595be2a00a0 (25 bytes)
1645830101.552465 sending message 105 to peer 0x5595be2a00a0 (11 bytes)
1645830101.552471 sending message 105 to peer 0x5595be2a00a0 (8 bytes)
1645830101.552476 sending message 105 to peer 0x5595be2a00a0 (32 bytes)
1645830101.552482 sending message 105 to peer 0x5595be2a00a0 (1506 bytes)
1645830101.552492 sending message 105 to peer 0x5595be2a00a0 (29 bytes)
1645830101.552498 sending message 105 to peer 0x5595be2a00a0 (23 bytes)
1645830101.552503 sending message 105 to peer 0x5595be2a00a0 (16 bytes)
1645830101.552510 sending message 105 to peer 0x5595be2a00a0 (50 bytes)
1645830101.552517 sending message 105 to peer 0x5595be2a00a0 (59 bytes)
1645830101.552521 sending message 106 to peer 0x5595be2a00a0 (0 bytes)
1645830101.552526 sending message 200 to peer 0x5595be2a00a0 (4 bytes)
1645830101.552530 client loop enter
1645830101.553223 peer 0x5595be2a00a0 message 211
1645830101.553252 client_write: sessions should be nested with care, unset $TMUX to force\n
1645830101.553275 peer 0x5595be2a00a0 message 203
1645830101.553282 client loop exit
